<?xml version="1.0" encoding="UTF-8"?>
<testsuites name="jest tests" tests="17" failures="0" time="15.99">
  <testsuite name="undefined" errors="0" failures="0" skipped="0" timestamp="2020-01-18T17:38:16" time="6.214" tests="4">
    <testcase classname=" newlap creates a new lap" name=" newlap creates a new lap" time="2.086">
    </testcase>
    <testcase classname=" getLaps returns laps" name=" getLaps returns laps" time="0.245">
    </testcase>
    <testcase classname=" updateLap removes lap" name=" updateLap removes lap" time="0.4">
    </testcase>
    <testcase classname=" updateLap updates lap" name=" updateLap updates lap" time="0.265">
    </testcase>
  </testsuite>
  <testsuite name="undefined" errors="0" failures="0" skipped="0" timestamp="2020-01-18T17:38:16" time="6.491" tests="2">
    <testcase classname=" signOn mutation signs on a person" name=" signOn mutation signs on a person" time="2.483">
    </testcase>
    <testcase classname=" RemoveFromRace from removes someone from a race" name=" RemoveFromRace from removes someone from a race" time="0.789">
    </testcase>
  </testsuite>
  <testsuite name="undefined" errors="0" failures="0" skipped="0" timestamp="2020-01-18T17:38:16" time="7.21" tests="8">
    <testcase classname=" allEvents query returns event" name=" allEvents query returns event" time="1.395">
    </testcase>
    <testcase classname=" recentEvents query returns event" name=" recentEvents query returns event" time="0.649">
    </testcase>
    <testcase classname=" specificEvent query returns event" name=" specificEvent query returns event" time="0.27">
    </testcase>
    <testcase classname=" createEvent mutation creates and returns event" name=" createEvent mutation creates and returns event" time="0.777">
    </testcase>
    <testcase classname=" removeEvent mutation removes event" name=" removeEvent mutation removes event" time="0.481">
    </testcase>
    <testcase classname=" startRace starts the race" name=" startRace starts the race" time="0.098">
    </testcase>
    <testcase classname=" getRaceStart gets the start time of the race" name=" getRaceStart gets the start time of the race" time="0.201">
    </testcase>
    <testcase classname=" startRace removes a race start time" name=" startRace removes a race start time" time="0.08">
    </testcase>
  </testsuite>
  <testsuite name="undefined" errors="0" failures="0" skipped="0" timestamp="2020-01-18T17:38:23" time="1.345" tests="2">
    <testcase classname=" getBoatsOfHelm works" name=" getBoatsOfHelm works" time="0.083">
    </testcase>
    <testcase classname=" removePerson works" name=" removePerson works" time="0.095">
    </testcase>
  </testsuite>
  <testsuite name="undefined" errors="0" failures="0" skipped="0" timestamp="2020-01-18T17:38:23" time="1.151" tests="1">
    <testcase classname=" allBoatData" name=" allBoatData" time="0.066">
    </testcase>
  </testsuite>
</testsuites>