<?xml version="1.0" encoding="UTF-8"?>
<testsuites name="jest tests" tests="5" failures="0" time="8.865">
  <testsuite name="undefined" errors="0" failures="0" skipped="0" timestamp="2019-04-19T16:12:10" time="4.071" tests="5">
    <testcase classname=" allEvents query returns event" name=" allEvents query returns event" time="0.971">
    </testcase>
    <testcase classname=" recentEvents query returns event" name=" recentEvents query returns event" time="0.2">
    </testcase>
    <testcase classname=" specificEvent query returns event" name=" specificEvent query returns event" time="0.125">
    </testcase>
    <testcase classname=" createEvent mutation returns event" name=" createEvent mutation returns event" time="0.162">
    </testcase>
    <testcase classname=" removeEvent mutation removes event" name=" removeEvent mutation removes event" time="0.18">
    </testcase>
  </testsuite>
</testsuites>