<?xml version="1.0" encoding="UTF-8"?>
<testsuites name="jest tests" tests="16" failures="2" time="11.627">
  <testsuite name="undefined" errors="0" failures="0" skipped="0" timestamp="2019-06-07T20:39:05" time="5.164" tests="4">
    <testcase classname=" newlap creates a new lap" name=" newlap creates a new lap" time="1.391">
    </testcase>
    <testcase classname=" getLaps returns laps" name=" getLaps returns laps" time="0.135">
    </testcase>
    <testcase classname=" updateLap removes lap" name=" updateLap removes lap" time="0.167">
    </testcase>
    <testcase classname=" updateLap updates lap" name=" updateLap updates lap" time="0.252">
    </testcase>
  </testsuite>
  <testsuite name="undefined" errors="0" failures="0" skipped="0" timestamp="2019-06-07T20:39:05" time="5.398" tests="2">
    <testcase classname=" signOn mutation signs on a person" name=" signOn mutation signs on a person" time="0.748">
    </testcase>
    <testcase classname=" RemoveFromRace from removes someone from a race" name=" RemoveFromRace from removes someone from a race" time="0.31">
    </testcase>
  </testsuite>
  <testsuite name="undefined" errors="0" failures="0" skipped="0" timestamp="2019-06-07T20:39:10" time="0.56" tests="1">
    <testcase classname=" allBoatData" name=" allBoatData" time="0.113">
    </testcase>
  </testsuite>
  <testsuite name="undefined" errors="0" failures="2" skipped="0" timestamp="2019-06-07T20:39:05" time="5.946" tests="8">
    <testcase classname=" allEvents query returns event" name=" allEvents query returns event" time="1.155">
      <failure>Error: expect(received).toEqual(expected) // deep equality

- Expected
+ Received

  Array [
    Object {
+     &quot;eventId&quot;: &quot;898f8208-8b61-4e74-a41e-0ca0e7ae61e1&quot;,
+     &quot;eventName&quot;: &quot;test&quot;,
+     &quot;eventTimeStamp&quot;: 0,
+   },
+   Object {
      &quot;eventId&quot;: &quot;1&quot;,
      &quot;eventName&quot;: &quot;test&quot;,
      &quot;eventTimeStamp&quot;: 0,
    },
    Object {
      &quot;eventId&quot;: &quot;4&quot;,
      &quot;eventName&quot;: &quot;event&quot;,
+     &quot;eventTimeStamp&quot;: 0,
+   },
+   Object {
+     &quot;eventId&quot;: &quot;9d3275f0-315f-4fbc-95ba-c4d6ed72d6ca&quot;,
+     &quot;eventName&quot;: &quot;test&quot;,
+     &quot;eventTimeStamp&quot;: 0,
+   },
+   Object {
+     &quot;eventId&quot;: &quot;4edf4c76-f5cb-4fbe-b358-8568393237c0&quot;,
+     &quot;eventName&quot;: &quot;test&quot;,
+     &quot;eventTimeStamp&quot;: 0,
+   },
+   Object {
+     &quot;eventId&quot;: &quot;31a2d524-559a-4656-b32f-5b2174da4ea1&quot;,
+     &quot;eventName&quot;: &quot;test&quot;,
+     &quot;eventTimeStamp&quot;: 0,
+   },
+   Object {
+     &quot;eventId&quot;: &quot;eaa3d94e-e08b-4cea-b2b6-df5d64781afb&quot;,
+     &quot;eventName&quot;: &quot;test&quot;,
+     &quot;eventTimeStamp&quot;: 0,
+   },
+   Object {
+     &quot;eventId&quot;: &quot;00ec40a2-cb97-4966-8e4e-03de28fa72ad&quot;,
+     &quot;eventName&quot;: &quot;test&quot;,
+     &quot;eventTimeStamp&quot;: 0,
+   },
+   Object {
+     &quot;eventId&quot;: &quot;07140077-d115-424c-aea1-958d1e2e63cb&quot;,
+     &quot;eventName&quot;: &quot;test&quot;,
+     &quot;eventTimeStamp&quot;: 0,
+   },
+   Object {
+     &quot;eventId&quot;: &quot;f0f6c49d-d166-4a9d-884e-c995eddb71f0&quot;,
+     &quot;eventName&quot;: &quot;test&quot;,
+     &quot;eventTimeStamp&quot;: 0,
+   },
+   Object {
+     &quot;eventId&quot;: &quot;39e3b25d-2364-4847-9e2f-37e4f185652f&quot;,
+     &quot;eventName&quot;: &quot;test&quot;,
+     &quot;eventTimeStamp&quot;: 0,
+   },
+   Object {
+     &quot;eventId&quot;: &quot;1e3bb1f6-0962-4f0e-ac31-c9c0a417ce1b&quot;,
+     &quot;eventName&quot;: &quot;test&quot;,
+     &quot;eventTimeStamp&quot;: 0,
+   },
+   Object {
+     &quot;eventId&quot;: &quot;943f846d-4185-4296-bf71-e09374db83c1&quot;,
+     &quot;eventName&quot;: &quot;test&quot;,
      &quot;eventTimeStamp&quot;: 0,
    },
  ]
    at Object.toEqual (C:\Users\Luke\source\repos\serverless-sailingweb\backend\__tests__\integration\events.test.js:29:33)
    at processTicksAndRejections (internal/process/next_tick.js:81:5)</failure>
    </testcase>
    <testcase classname=" recentEvents query returns event" name=" recentEvents query returns event" time="0.298">
      <failure>Error: expect(received).toEqual(expected) // deep equality

- Expected
+ Received

  Array [
    Object {
+     &quot;eventId&quot;: &quot;898f8208-8b61-4e74-a41e-0ca0e7ae61e1&quot;,
+     &quot;eventName&quot;: &quot;test&quot;,
+     &quot;eventTimeStamp&quot;: 0,
+   },
+   Object {
      &quot;eventId&quot;: &quot;1&quot;,
      &quot;eventName&quot;: &quot;test&quot;,
      &quot;eventTimeStamp&quot;: 0,
    },
    Object {
      &quot;eventId&quot;: &quot;4&quot;,
      &quot;eventName&quot;: &quot;event&quot;,
+     &quot;eventTimeStamp&quot;: 0,
+   },
+   Object {
+     &quot;eventId&quot;: &quot;9d3275f0-315f-4fbc-95ba-c4d6ed72d6ca&quot;,
+     &quot;eventName&quot;: &quot;test&quot;,
+     &quot;eventTimeStamp&quot;: 0,
+   },
+   Object {
+     &quot;eventId&quot;: &quot;4edf4c76-f5cb-4fbe-b358-8568393237c0&quot;,
+     &quot;eventName&quot;: &quot;test&quot;,
+     &quot;eventTimeStamp&quot;: 0,
+   },
+   Object {
+     &quot;eventId&quot;: &quot;31a2d524-559a-4656-b32f-5b2174da4ea1&quot;,
+     &quot;eventName&quot;: &quot;test&quot;,
+     &quot;eventTimeStamp&quot;: 0,
+   },
+   Object {
+     &quot;eventId&quot;: &quot;eaa3d94e-e08b-4cea-b2b6-df5d64781afb&quot;,
+     &quot;eventName&quot;: &quot;test&quot;,
+     &quot;eventTimeStamp&quot;: 0,
+   },
+   Object {
+     &quot;eventId&quot;: &quot;00ec40a2-cb97-4966-8e4e-03de28fa72ad&quot;,
+     &quot;eventName&quot;: &quot;test&quot;,
+     &quot;eventTimeStamp&quot;: 0,
+   },
+   Object {
+     &quot;eventId&quot;: &quot;07140077-d115-424c-aea1-958d1e2e63cb&quot;,
+     &quot;eventName&quot;: &quot;test&quot;,
+     &quot;eventTimeStamp&quot;: 0,
+   },
+   Object {
+     &quot;eventId&quot;: &quot;f0f6c49d-d166-4a9d-884e-c995eddb71f0&quot;,
+     &quot;eventName&quot;: &quot;test&quot;,
+     &quot;eventTimeStamp&quot;: 0,
+   },
+   Object {
+     &quot;eventId&quot;: &quot;39e3b25d-2364-4847-9e2f-37e4f185652f&quot;,
+     &quot;eventName&quot;: &quot;test&quot;,
+     &quot;eventTimeStamp&quot;: 0,
+   },
+   Object {
+     &quot;eventId&quot;: &quot;1e3bb1f6-0962-4f0e-ac31-c9c0a417ce1b&quot;,
+     &quot;eventName&quot;: &quot;test&quot;,
+     &quot;eventTimeStamp&quot;: 0,
+   },
+   Object {
+     &quot;eventId&quot;: &quot;943f846d-4185-4296-bf71-e09374db83c1&quot;,
+     &quot;eventName&quot;: &quot;test&quot;,
      &quot;eventTimeStamp&quot;: 0,
    },
  ]
    at Object.toEqual (C:\Users\Luke\source\repos\serverless-sailingweb\backend\__tests__\integration\events.test.js:64:36)
    at processTicksAndRejections (internal/process/next_tick.js:81:5)</failure>
    </testcase>
    <testcase classname=" specificEvent query returns event" name=" specificEvent query returns event" time="0.176">
    </testcase>
    <testcase classname=" createEvent mutation creates and returns event" name=" createEvent mutation creates and returns event" time="0.391">
    </testcase>
    <testcase classname=" removeEvent mutation removes event" name=" removeEvent mutation removes event" time="0.338">
    </testcase>
    <testcase classname=" startRace starts the race" name=" startRace starts the race" time="0.056">
    </testcase>
    <testcase classname=" getRaceStart gets the start time of the race" name=" getRaceStart gets the start time of the race" time="0.154">
    </testcase>
    <testcase classname=" startRace removes a race start time" name=" startRace removes a race start time" time="0.065">
    </testcase>
  </testsuite>
  <testsuite name="undefined" errors="0" failures="0" skipped="0" timestamp="2019-06-07T20:39:10" time="0.561" tests="1">
    <testcase classname=" getBoatsOfHelm works" name=" getBoatsOfHelm works" time="0.053">
    </testcase>
  </testsuite>
</testsuites>