<?xml version="1.0" encoding="UTF-8"?>
<testsuites name="jest tests" tests="1" failures="0" time="9.953">
  <testsuite name="undefined" errors="0" failures="0" skipped="0" timestamp="2019-05-08T14:22:55" time="3.184" tests="1">
    <testcase classname=" signOn mutation signs on a person" name=" signOn mutation signs on a person" time="0.255">
    </testcase>
  </testsuite>
</testsuites>